<?xml version="1.0" encoding="UTF-8"?>
<!-- Generated by org.testng.reporters.JUnitReportReporter -->
<testsuite hostname="NISH-PC" name="com.ds.NewUserTests" tests="6" failures="0" timestamp="19 Sep 2017 18:12:01 GMT" time="82.031" errors="0">
  <testcase name="emptyEmailIDTextBoxValidation" time="3.813" classname="com.ds.NewUserTests"/>
  <testcase name="emptyUserNameTextBoxValidation" time="8.457" classname="com.ds.NewUserTests"/>
  <testcase name="verifyPassword" time="18.311" classname="com.ds.NewUserTests"/>
  <testcase name="verifyNewUserPageTitle" time="4.101" classname="com.ds.NewUserTests"/>
  <testcase name="createUser" time="42.603" classname="com.ds.NewUserTests"/>
  <testcase name="emptyPasswordTextBoxValidation" time="4.746" classname="com.ds.NewUserTests"/>
</testsuite> <!-- com.ds.NewUserTests -->
